<?xml version="1.0" encoding="UTF-8"?>
<!-- Generated by org.testng.reporters.JUnitReportReporter -->
<testsuite hostname="DevZone" failures="0" tests="1" name="com.day7.Automation_Tesing_Day7_TestNG.Task_01" time="5.417" errors="0" timestamp="2023-03-28T12:14:43 IST" skipped="0">
  <testcase classname="com.day7.Automation_Tesing_Day7_TestNG.Task_01" name="test" time="5.417"/>
  <system-out/>
</testsuite> <!-- com.day7.Automation_Tesing_Day7_TestNG.Task_01 -->
