<?xml version="1.0" encoding="UTF-8"?>
<!-- Generated by org.testng.reporters.JUnitReportReporter -->
<testsuite hostname="DevZone" failures="0" tests="3" name="com.IRC_Testing_D7_TestNG_CE_COD.Test_05" time="6.352" errors="0" timestamp="2023-03-28T21:08:35 IST" skipped="0">
  <testcase classname="com.IRC_Testing_D7_TestNG_CE_COD.Test_05" name="testCase_02" time="0.835"/>
  <system-out/>
  <testcase classname="com.IRC_Testing_D7_TestNG_CE_COD.Test_05" name="testCase_03" time="1.254"/>
  <system-out/>
  <testcase classname="com.IRC_Testing_D7_TestNG_CE_COD.Test_05" name="testCase_01" time="4.263"/>
  <system-out/>
</testsuite> <!-- com.IRC_Testing_D7_TestNG_CE_COD.Test_05 -->
