<?xml version="1.0" encoding="UTF-8"?>
<!-- Generated by org.testng.reporters.JUnitReportReporter -->
<testsuite hostname="DevZone" failures="0" tests="4" name="com.IRC_Testing_D7_TestNG_CE_COD.Task_02" time="0.018" errors="0" timestamp="2023-03-28T15:16:55 IST" skipped="0">
  <testcase classname="com.IRC_Testing_D7_TestNG_CE_COD.Task_02" name="addion" time="0.013"/>
  <system-out/>
  <testcase classname="com.IRC_Testing_D7_TestNG_CE_COD.Task_02" name="multiplication" time="0.001"/>
  <system-out/>
  <testcase classname="com.IRC_Testing_D7_TestNG_CE_COD.Task_02" name="division" time="0.002"/>
  <system-out/>
  <testcase classname="com.IRC_Testing_D7_TestNG_CE_COD.Task_02" name="subraction" time="0.002"/>
  <system-out/>
</testsuite> <!-- com.IRC_Testing_D7_TestNG_CE_COD.Task_02 -->
