<?xml version="1.0" encoding="UTF-8"?>
<!-- Generated by org.testng.reporters.JUnitReportReporter -->
<testsuite hostname="DevZone" failures="0" tests="1" name="com.IRC_Testing_D7_TestNG_CE_COD.Task_01" time="5.651" errors="0" timestamp="2023-03-28T15:16:55 IST" skipped="0">
  <testcase classname="com.IRC_Testing_D7_TestNG_CE_COD.Task_01" name="checkTitle" time="5.651"/>
  <system-out/>
</testsuite> <!-- com.IRC_Testing_D7_TestNG_CE_COD.Task_01 -->
