<?xml version="1.0" encoding="UTF-8"?>
<!-- Generated by org.testng.reporters.JUnitReportReporter -->
<testsuite hostname="DevZone" failures="0" tests="2" name="com.IRC_Testing_D7_TestNG_CE_COD.Test_04" time="13.591" errors="0" timestamp="2023-03-28T19:58:29 IST" skipped="0">
  <testcase classname="com.IRC_Testing_D7_TestNG_CE_COD.Test_04" name="checkLogout" time="2.608"/>
  <system-out/>
  <testcase classname="com.IRC_Testing_D7_TestNG_CE_COD.Test_04" name="checkLogin" time="10.983"/>
  <system-out/>
</testsuite> <!-- com.IRC_Testing_D7_TestNG_CE_COD.Test_04 -->
