<?xml version="1.0" encoding="UTF-8"?>
<!-- Generated by org.testng.reporters.JUnitReportReporter -->
<testsuite hostname="Paranthaman" failures="0" tests="1" name="com.example.AppTest" time="0.000" errors="0" timestamp="2023-05-29T08:32:43 IST" skipped="0">
  <testcase classname="com.example.AppTest" name="shouldAnswerWithTrue" time="0.000"/>
  <system-out/>
</testsuite> <!-- com.example.AppTest -->
