<?xml version="1.0" encoding="UTF-8"?>
<!-- Generated by org.testng.reporters.JUnitReportReporter -->
<testsuite hostname="DevZone" failures="0" tests="3" name="com.day8.Automation_Testing_Day8.Test_05" time="30.256" errors="0" timestamp="2023-03-29T16:40:33 IST" skipped="0">
  <testcase classname="com.day8.Automation_Testing_Day8.Test_05" name="cucumberBrowser" time="7.750"/>
  <system-out/>
  <testcase classname="com.day8.Automation_Testing_Day8.Test_05" name="appleBrowser" time="11.245"/>
  <system-out/>
  <testcase classname="com.day8.Automation_Testing_Day8.Test_05" name="seleniumBrowser" time="11.261"/>
  <system-out/>
</testsuite> <!-- com.day8.Automation_Testing_Day8.Test_05 -->
