<?xml version="1.0" encoding="UTF-8"?>
<!-- Generated by org.testng.reporters.JUnitReportReporter -->
<testsuite hostname="DevZone" failures="0" tests="1" name="com.day8.Automation_Testing_Day8.Task_02" time="6.652" errors="0" timestamp="2023-03-29T12:49:50 IST" skipped="0">
  <testcase classname="com.day8.Automation_Testing_Day8.Task_02" name="dragAndDropUsing" time="6.652"/>
  <system-out/>
</testsuite> <!-- com.day8.Automation_Testing_Day8.Task_02 -->
