<?xml version="1.0" encoding="UTF-8"?>
<!-- Generated by org.testng.reporters.JUnitReportReporter -->
<testsuite hostname="DevZone" failures="0" tests="1" name="com.day8.Automation_Testing_Day8.Task_01" time="9.107" errors="0" timestamp="2023-03-29T12:28:57 IST" skipped="0">
  <testcase classname="com.day8.Automation_Testing_Day8.Task_01" name="dragAndDrop" time="9.107"/>
  <system-out/>
</testsuite> <!-- com.day8.Automation_Testing_Day8.Task_01 -->
