<?xml version="1.0" encoding="UTF-8"?>
<!-- Generated by org.testng.reporters.JUnitReportReporter -->
<testsuite hostname="DevZone" failures="0" tests="1" name="com.IRC_Testing_D8_SeleniumWebDriver_CY_COD.Task" time="10.470" errors="0" timestamp="2023-03-29T16:49:49 IST" skipped="0">
  <testcase classname="com.IRC_Testing_D8_SeleniumWebDriver_CY_COD.Task" name="placeOrder" time="10.470"/>
  <system-out/>
</testsuite> <!-- com.IRC_Testing_D8_SeleniumWebDriver_CY_COD.Task -->
